Content-Type: multipart/alternative;
 boundary="===============1002263495608593981=="
MIME-Version: 1.0
Subject: Profile activation
From: test@example.com
To: hrithik.bandaru@gmail.com
Date: Mon, 21 Nov 2022 04:44:29 -0000
Message-ID: 
 <166900586947.32804.13732937095437482566@1.0.0.0.0.0.0.0.0.0.0.0.0.0.0.0.0.0.0.0.0.0.0.0.0.0.0.0.0.0.0.0.ip6.arpa>

--===============1002263495608593981==
Content-Type: text/plain; charset="utf-8"
MIME-Version: 1.0
Content-Transfer-Encoding: 7bit



To activate your profile, please follow this link:

http://127.0.0.1:8000/accounts/activate/UBfIyyhf7czrlAV7m8PH/

--===============1002263495608593981==
Content-Type: text/html; charset="utf-8"
MIME-Version: 1.0
Content-Transfer-Encoding: 7bit



<!DOCTYPE html PUBLIC "-//W3C//DTD XHTML 1.0 Transitional//EN"
        "http://www.w3.org/TR/xhtml1/DTD/xhtml1-transitional.dtd">
<html xmlns="http://www.w3.org/1999/xhtml">
<head>
    <meta http-equiv="Content-Type" content="text/html; charset=UTF-8"/>
    <title>Profile activation</title>
    <meta name="viewport" content="width=device-width, initial-scale=1.0"/>
</head>

<body>

<p>
    To activate your profile, please follow this link:
</p>

<p>
    <a href="http://127.0.0.1:8000/accounts/activate/UBfIyyhf7czrlAV7m8PH/">http://127.0.0.1:8000/accounts/activate/UBfIyyhf7czrlAV7m8PH/</a>
</p>

</body>

</html>

--===============1002263495608593981==--

-------------------------------------------------------------------------------
